<?xml version="1.0" encoding="UTF-8"?>
<!-- Generated by org.testng.reporters.JUnitXMLReporter -->
<testsuite ignored="0" hostname="LAPTOP-7SVOSK4G" failures="1" tests="5" name="numbersXML" time="20.05" errors="0" timestamp="13 мая 2023 08:37:38 GMT">
  <testcase classname="testRequests" name="testGet" time="1.608"/>
  <testcase classname="testRequests" name="testInvalidId" time="1.53"/>
  <testcase classname="testRequests" name="testLongId" time="1.504"/>
  <testcase classname="testRequests" name="testPut" time="1.644"/>
  <testcase classname="UITest" name="pageTest" time="2.398">
    <failure type="java.lang.AssertionError" message="expected [true] but found [false]">
      <![CDATA[java.lang.AssertionError: expected [true] but found [false]
at UITest.pageTest(UITest.java:44)
... Removed 33 stack frames]]>
    </failure>
  </testcase> <!-- pageTest -->
</testsuite> <!-- numbersXML -->
